[2020-06-07 16:12:55][debug][error]:[Uncaught TypeError: Argument 1 passed to EasySwoole\EasySwoole\Config::__construct() must be an instance of EasySwoole\Config\AbstractConfig or null, array given, called in /home/server/doc/easyswoole/EasySwooleEvent.php on line 20 and defined in /home/server/doc/easyswoole/vendor/easyswoole/easyswoole/src/Config.php:22
Stack trace:
#0 /home/server/doc/easyswoole/EasySwooleEvent.php(20): EasySwoole\EasySwoole\Config->__construct(Array)
#1 /home/server/doc/easyswoole/vendor/easyswoole/easyswoole/src/Core.php(119): EasySwoole\EasySwoole\EasySwooleEvent::initialize()
#2 /home/server/doc/easyswoole/vendor/easyswoole/easyswoole/src/Command/DefaultCommand/Start.php(42): EasySwoole\EasySwoole\Core->globalInitialize()
#3 /home/server/doc/easyswoole/vendor/easyswoole/easyswoole/src/Command/CommandContainer.php(46): EasySwoole\EasySwoole\Command\DefaultCommand\Start->exec(Array)
#4 /home/server/doc/easyswoole/vendor/easyswoole/easyswoole/src/Command/CommandRunner.php(62): EasySwoole\EasySwoole\Command\CommandContainer- at file:/home/server/doc/easyswoole/vendor/easyswoole/easyswoole/src/Config.php line:22]
[2020-06-07 16:13:08][debug][error]:[Uncaught TypeError: Argument 1 passed to EasySwoole\EasySwoole\Config::__construct() must be an instance of EasySwoole\Config\AbstractConfig or null, array given, called in /home/server/doc/easyswoole/EasySwooleEvent.php on line 20 and defined in /home/server/doc/easyswoole/vendor/easyswoole/easyswoole/src/Config.php:22
Stack trace:
#0 /home/server/doc/easyswoole/EasySwooleEvent.php(20): EasySwoole\EasySwoole\Config->__construct(Array)
#1 /home/server/doc/easyswoole/vendor/easyswoole/easyswoole/src/Core.php(119): EasySwoole\EasySwoole\EasySwooleEvent::initialize()
#2 /home/server/doc/easyswoole/vendor/easyswoole/easyswoole/src/Command/DefaultCommand/Start.php(42): EasySwoole\EasySwoole\Core->globalInitialize()
#3 /home/server/doc/easyswoole/vendor/easyswoole/easyswoole/src/Command/CommandContainer.php(46): EasySwoole\EasySwoole\Command\DefaultCommand\Start->exec(Array)
#4 /home/server/doc/easyswoole/vendor/easyswoole/easyswoole/src/Command/CommandRunner.php(62): EasySwoole\EasySwoole\Command\CommandContainer- at file:/home/server/doc/easyswoole/vendor/easyswoole/easyswoole/src/Config.php line:22]
[2020-06-07 16:18:39][debug][error]:[Argument 1 passed to EasySwoole\ORM\Db\Connection::__construct() must be an instance of EasySwoole\ORM\Db\Config, array given, called in /home/server/doc/easyswoole/App/HttpController/User/User.php on line 25 at file:/home/server/doc/easyswoole/vendor/easyswoole/orm/src/Db/Connection.php line:16]
[2020-06-07 16:21:03][debug][error]:[Argument 1 passed to EasySwoole\ORM\Db\Connection::__construct() must be an instance of EasySwoole\ORM\Db\Config, array given, called in /home/server/doc/easyswoole/App/HttpController/User/User.php on line 25 at file:/home/server/doc/easyswoole/vendor/easyswoole/orm/src/Db/Connection.php line:16]
[2020-06-07 16:21:34][debug][error]:[Argument 1 passed to EasySwoole\ORM\Db\Connection::__construct() must be an instance of EasySwoole\ORM\Db\Config, array given, called in /home/server/doc/easyswoole/App/HttpController/User/User.php on line 26 at file:/home/server/doc/easyswoole/vendor/easyswoole/orm/src/Db/Connection.php line:16]
[2020-06-07 16:23:17][debug][error]:[Argument 1 passed to EasySwoole\ORM\Db\Connection::__construct() must be an instance of EasySwoole\ORM\Db\Config, array given, called in /home/server/doc/easyswoole/App/HttpController/User/User.php on line 26 at file:/home/server/doc/easyswoole/vendor/easyswoole/orm/src/Db/Connection.php line:16]
[2020-06-07 16:23:57][debug][error]:[Argument 1 passed to EasySwoole\ORM\Db\Connection::__construct() must be an instance of EasySwoole\ORM\Db\Config, array given, called in /home/server/doc/easyswoole/App/HttpController/User/User.php on line 26 at file:/home/server/doc/easyswoole/vendor/easyswoole/orm/src/Db/Connection.php line:16]
[2020-06-07 16:31:24][debug][error]:[Argument 1 passed to EasySwoole\EasySwoole\Config::__construct() must be an instance of EasySwoole\Config\AbstractConfig or null, array given, called in /home/server/doc/easyswoole/App/HttpController/User/User.php on line 26 at file:/home/server/doc/easyswoole/vendor/easyswoole/easyswoole/src/Config.php line:22]
[2020-06-07 16:33:40][debug][error]:[Uncaught TypeError: Argument 1 passed to EasySwoole\EasySwoole\Config::__construct() must be an instance of EasySwoole\Config\AbstractConfig or null, array given, called in /home/server/doc/easyswoole/EasySwooleEvent.php on line 20 and defined in /home/server/doc/easyswoole/vendor/easyswoole/easyswoole/src/Config.php:22
Stack trace:
#0 /home/server/doc/easyswoole/EasySwooleEvent.php(20): EasySwoole\EasySwoole\Config->__construct(Array)
#1 /home/server/doc/easyswoole/vendor/easyswoole/easyswoole/src/Core.php(119): EasySwoole\EasySwoole\EasySwooleEvent::initialize()
#2 /home/server/doc/easyswoole/vendor/easyswoole/easyswoole/src/Command/DefaultCommand/Start.php(42): EasySwoole\EasySwoole\Core->globalInitialize()
#3 /home/server/doc/easyswoole/vendor/easyswoole/easyswoole/src/Command/CommandContainer.php(46): EasySwoole\EasySwoole\Command\DefaultCommand\Start->exec(Array)
#4 /home/server/doc/easyswoole/vendor/easyswoole/easyswoole/src/Command/CommandRunner.php(62): EasySwoole\EasySwoole\Command\CommandContainer- at file:/home/server/doc/easyswoole/vendor/easyswoole/easyswoole/src/Config.php line:22]
[2020-06-07 21:02:47][debug][error]:[Class 'App\Lib\Redis\Redis' not found at file:/home/server/doc/easyswoole/App/HttpController/User/User.php line:18]
[2020-06-07 21:24:13][debug][error]:[Class 'App\Lib\Redis\Redis' not found at file:/home/server/doc/easyswoole/App/HttpController/User/User.php line:15]
[2020-06-07 21:26:16][debug][error]:[Class 'App\Lib\Redis\Redis' not found at file:/home/server/doc/easyswoole/App/HttpController/User/User.php line:15]
[2020-06-07 21:28:14][debug][error]:[Argument 1 passed to App\Lib\Redis\Redis::__construct() must be an instance of EasySwoole\EasySwoole\Config, array given, called in /home/server/doc/easyswoole/vendor/easyswoole/component/src/Singleton.php on line 19 at file:/home/server/doc/easyswoole/App/Lib/Redis/Redis.php line:12]
[2020-06-07 21:29:22][debug][error]:[swoole exit at file:/home/server/doc/easyswoole/App/HttpController/User/User.php line:17]
[2020-06-07 21:31:13][debug][error]:[swoole exit at file:/home/server/doc/easyswoole/App/HttpController/User/User.php line:17]
[2020-06-07 21:35:21][debug][error]:[swoole exit at file:/home/server/doc/easyswoole/App/HttpController/User/User.php line:18]
[2020-06-07 22:11:18][debug][error]:[swoole exit at file:/home/server/doc/easyswoole/App/HttpController/User/User.php line:18]
[2020-06-07 22:11:49][debug][error]:[swoole exit at file:/home/server/doc/easyswoole/App/Lib/Redis/Redis.php line:15]
[2020-06-07 22:13:44][debug][error]:[swoole exit at file:/home/server/doc/easyswoole/App/HttpController/User/User.php line:18]
[2020-06-07 22:14:38][debug][error]:[swoole exit at file:/home/server/doc/easyswoole/App/Lib/Redis/Redis.php line:15]
[2020-06-07 23:07:33][debug][warning]:[Redis::connect() expects parameter 2 to be integer, string given at file:/home/server/doc/easyswoole/App/Lib/Redis/Redis.php line:26]
[2020-06-07 23:07:33][debug][info]:[redis connect error at file:/home/server/doc/easyswoole/App/Lib/Redis/Redis.php line:21]
[2020-06-07 23:07:33][debug][error]:[Redis server went away at file:/home/server/doc/easyswoole/App/Lib/Redis/Redis.php line:31]
[2020-06-07 23:08:53][debug][error]:[Redis server went away at file:/home/server/doc/easyswoole/App/Lib/Redis/Redis.php line:31]
[2020-06-07 23:08:55][debug][error]:[Redis server went away at file:/home/server/doc/easyswoole/App/Lib/Redis/Redis.php line:31]
[2020-06-07 23:08:55][debug][error]:[Redis server went away at file:/home/server/doc/easyswoole/App/Lib/Redis/Redis.php line:31]
[2020-06-10 11:16:39][debug][error]:[Uncaught Swoole\Exception: failed to listen server port[0.0.0.0:9501], Error: Address already in use[98] in /home/server/doc/easyswoole/vendor/easyswoole/easyswoole/src/ServerManager.php:59
Stack trace:
#0 /home/server/doc/easyswoole/vendor/easyswoole/easyswoole/src/ServerManager.php(59): Swoole\Server->__construct('0.0.0.0', 9501, 2, 1)
#1 /home/server/doc/easyswoole/vendor/easyswoole/easyswoole/src/Core.php(127): EasySwoole\EasySwoole\ServerManager->createSwooleServer(9501, 2, '0.0.0.0', Array, 2, 1)
#2 /home/server/doc/easyswoole/vendor/easyswoole/easyswoole/src/Command/DefaultCommand/Start.php(42): EasySwoole\EasySwoole\Core->createServer()
#3 /home/server/doc/easyswoole/vendor/easyswoole/easyswoole/src/Command/CommandContainer.php(46): EasySwoole\EasySwoole\Command\DefaultCommand\Start->exec(Array)
#4 /home/server/doc/easyswoole/vendor/easyswoole/easyswoole/src/Command/CommandRunner.php(62): EasySwoole\EasySwoole\Command\CommandContainer->hook('start', Array)
#5 /home/server/doc/easyswoole/easyswoole(25) at file:/home/server/doc/easyswoole/vendor/easyswoole/easyswoole/src/ServerManager.php line:59]
[2020-06-09 23:35:04][debug][warning]:[fopen(): Filename cannot be empty at file:/home/server/doc/easyswoole/vendor/phpunit/phpunit/src/Util/FileLoader.php line:37]
[2020-06-09 23:52:36][debug][notice]:[Array to string conversion at file:/home/server/doc/easyswoole/Tests/Lib/ReflectorTest.php line:10]
[2020-06-09 23:55:12][debug][error]:[Uncaught PHPUnit\Runner\Exception: Class 'ReflectorTest' could not be found in '/home/server/doc/easyswoole/Tests/Lib/ReflectorTest.php'. in /home/server/doc/easyswoole/vendor/phpunit/phpunit/src/Runner/StandardTestSuiteLoader.php:99
Stack trace:
#0 /home/server/doc/easyswoole/vendor/phpunit/phpunit/src/Runner/BaseTestRunner.php(157): PHPUnit\Runner\StandardTestSuiteLoader->load('ReflectorTest', '/home/server/do...')
#1 /home/server/doc/easyswoole/vendor/phpunit/phpunit/src/Runner/BaseTestRunner.php(105): PHPUnit\Runner\BaseTestRunner->loadSuiteClass('ReflectorTest', '/home/server/do...')
#2 /home/server/doc/easyswoole/vendor/phpunit/phpunit/src/TextUI/Command.php(183): PHPUnit\Runner\BaseTestRunner->getTest('ReflectorTest', '/home/server/do...', Array)
#3 /home/server/doc/easyswoole/vendor/phpunit/phpunit/src/TextUI/Command.php(162): PHPUnit\TextUI\Command->run(Array, false)
#4 /home/server/doc/easyswoole/vendor/easyswoole/phpunit/src/Runner.php(18): PHPUnit\TextUI\Command::main(false)
#5 /home/server/doc/ea at file:/home/server/doc/easyswoole/vendor/phpunit/phpunit/src/Runner/StandardTestSuiteLoader.php line:99]
[2020-06-09 23:56:07][debug][warning]:[ReflectionObject::__construct() expects parameter 1 to be object, string given at file:/home/server/doc/easyswoole/App/Lib/Reflector/Reflector.php line:11]
[2020-06-09 23:59:41][debug][warning]:[ReflectionObject::__construct() expects parameter 1 to be object, string given at file:/home/server/doc/easyswoole/App/Lib/Reflector/Reflector.php line:13]
[2020-06-10 16:41:27][debug][error]:[Cannot access private property EasySwoole\Http\Message\UploadFile::$clientMediaType at file:/home/server/doc/easyswoole/App/HttpController/Media/Video.php line:22]
[2020-06-10 16:59:17][debug][error]:[Too few arguments to function EasySwoole\Http\Message\UploadFile::__construct(), 1 passed in /home/server/doc/easyswoole/App/Lib/File/Upload.php on line 28 and at least 3 expected at file:/home/server/doc/easyswoole/vendor/easyswoole/http/src/Message/UploadFile.php line:22]
[2020-06-10 17:03:54][debug][error]:[Too few arguments to function EasySwoole\Http\Message\UploadFile::__construct(), 1 passed in /home/server/doc/easyswoole/App/Lib/File/Upload.php on line 28 and at least 3 expected at file:/home/server/doc/easyswoole/vendor/easyswoole/http/src/Message/UploadFile.php line:22]
[2020-06-10 17:04:18][debug][error]:[Too few arguments to function EasySwoole\Http\Message\UploadFile::__construct(), 1 passed in /home/server/doc/easyswoole/App/Lib/File/Upload.php on line 28 and at least 3 expected at file:/home/server/doc/easyswoole/vendor/easyswoole/http/src/Message/UploadFile.php line:22]
[2020-06-10 17:06:16][debug][error]:[swoole exit at file:/home/server/doc/easyswoole/App/Lib/File/Upload.php line:28]
[2020-06-10 17:10:15][debug][error]:[Too few arguments to function EasySwoole\Http\Message\UploadFile::__construct(), 1 passed in /home/server/doc/easyswoole/App/Lib/File/Upload.php on line 28 and at least 3 expected at file:/home/server/doc/easyswoole/vendor/easyswoole/http/src/Message/UploadFile.php line:22]
[2020-06-10 17:14:45][debug][error]:[Too few arguments to function EasySwoole\Http\Message\UploadFile::__construct(), 1 passed in /home/server/doc/easyswoole/App/HttpController/Media/Video.php on line 20 and at least 3 expected at file:/home/server/doc/easyswoole/vendor/easyswoole/http/src/Message/UploadFile.php line:22]
[2020-06-10 17:24:20][debug][error]:[swoole exit at file:/home/server/doc/easyswoole/App/HttpController/Media/Video.php line:21]
[2020-06-10 17:25:50][debug][error]:[Cannot access private property EasySwoole\Http\Message\UploadFile::$tempName at file:/home/server/doc/easyswoole/App/HttpController/Media/Video.php line:21]
[2020-06-12 17:48:53][debug][error]:[Argument 1 passed to ReflectionClass::newInstanceArgs() must be of the type array, object given at file:/home/server/doc/easyswoole/App/Lib/Reflector/Reflector.php line:21]
[2020-06-12 17:50:01][debug][notice]:[Array to string conversion at file:/home/server/doc/easyswoole/App/Lib/Reflector/Reflector.php line:21]
[2020-06-12 17:50:01][debug][error]:[Class Array does not exist at file:/home/server/doc/easyswoole/App/Lib/Reflector/Reflector.php line:21]
[2020-06-12 17:50:45][debug][notice]:[Array to string conversion at file:/home/server/doc/easyswoole/App/Lib/Reflector/Reflector.php line:21]
[2020-06-12 17:50:45][debug][error]:[Class Array does not exist at file:/home/server/doc/easyswoole/App/Lib/Reflector/Reflector.php line:21]
[2020-06-12 17:51:49][debug][error]:[swoole exit at file:/home/server/doc/easyswoole/App/Lib/File/Upload.php line:38]
[2020-06-12 17:53:19][debug][error]:[Argument 1 passed to ReflectionClass::newInstanceArgs() must be of the type array, object given at file:/home/server/doc/easyswoole/App/Lib/Reflector/Reflector.php line:21]
[2020-06-12 17:57:24][debug][notice]:[Undefined property: App\Lib\File\Upload::$media_type at file:/home/server/doc/easyswoole/App/Lib/File/Upload.php line:35]
[2020-06-12 17:57:24][debug][notice]:[Undefined index:  at file:/home/server/doc/easyswoole/App/Lib/Reflector/Reflector.php line:17]
[2020-06-12 17:57:24][debug][error]:[Class  does not exist at file:/home/server/doc/easyswoole/App/Lib/Reflector/Reflector.php line:21]
[2020-06-12 17:57:54][debug][notice]:[Undefined property: EasySwoole\Http\Message\UploadFile::$media_type at file:/home/server/doc/easyswoole/App/Lib/File/Upload.php line:35]
[2020-06-12 17:57:54][debug][notice]:[Undefined index:  at file:/home/server/doc/easyswoole/App/Lib/Reflector/Reflector.php line:17]
[2020-06-12 17:57:54][debug][error]:[Class  does not exist at file:/home/server/doc/easyswoole/App/Lib/Reflector/Reflector.php line:21]
[2020-06-12 17:59:20][debug][notice]:[Undefined property: EasySwoole\Http\Message\UploadFile::$getClientMediaType at file:/home/server/doc/easyswoole/App/Lib/File/Upload.php line:35]
[2020-06-12 17:59:20][debug][notice]:[Undefined index:  at file:/home/server/doc/easyswoole/App/Lib/Reflector/Reflector.php line:17]
[2020-06-12 17:59:20][debug][error]:[Class  does not exist at file:/home/server/doc/easyswoole/App/Lib/Reflector/Reflector.php line:21]
