[2020-05-10 19:01:08][debug][error]:[Uncaught Swoole\Exception: failed to listen server port[0.0.0.0:9501], Error: Address already in use[98] in /home/server/doc/easyswoole/vendor/easyswoole/easyswoole/src/ServerManager.php:59
Stack trace:
#0 /home/server/doc/easyswoole/vendor/easyswoole/easyswoole/src/ServerManager.php(59): Swoole\Server->__construct('0.0.0.0', 9501, 2, 1)
#1 /home/server/doc/easyswoole/vendor/easyswoole/easyswoole/src/Core.php(127): EasySwoole\EasySwoole\ServerManager->createSwooleServer(9501, 2, '0.0.0.0', Array, 2, 1)
#2 /home/server/doc/easyswoole/vendor/easyswoole/easyswoole/src/Command/DefaultCommand/Start.php(42): EasySwoole\EasySwoole\Core->createServer()
#3 /home/server/doc/easyswoole/vendor/easyswoole/easyswoole/src/Command/CommandContainer.php(46): EasySwoole\EasySwoole\Command\DefaultCommand\Start->exec(Array)
#4 /home/server/doc/easyswoole/vendor/easyswoole/easyswoole/src/Command/CommandRunner.php(62): EasySwoole\EasySwoole\Command\CommandContainer->hook('start', Array)
#5 /home/server/doc/easyswoole/easyswoole(25) at file:/home/server/doc/easyswoole/vendor/easyswoole/easyswoole/src/ServerManager.php line:59]
[2020-05-11 19:58:24][debug][error]:[Cannot declare class App\HttpController\User, because the name is already in use at file:/home/server/doc/easyswoole/App/HttpController/Api/User.php line:21]
[2020-05-11 19:58:26][debug][error]:[Cannot declare class App\HttpController\User, because the name is already in use at file:/home/server/doc/easyswoole/App/HttpController/Api/User.php line:21]
[2020-05-12 09:45:46][debug][error]:[Class 'App\HttpController\Base' not found at file:/home/server/doc/easyswoole/App/HttpController/User/User.php line:8]
[2020-05-12 09:47:50][debug][error]:[Class 'App\HttpController\Base' not found at file:/home/server/doc/easyswoole/App/HttpController/User/User.php line:8]
[2020-05-12 09:53:42][debug][error]:[Class 'App\HttpController\Base' not found at file:/home/server/doc/easyswoole/App/HttpController/User/User.php line:8]
[2020-05-12 09:54:30][debug][error]:[Class 'App\HttpController\Base' not found at file:/home/server/doc/easyswoole/App/HttpController/User/User.php line:8]
[2020-05-12 09:55:58][debug][error]:[Too few arguments to function App\HttpController\User\Base::onException(), 0 passed in /home/server/doc/easyswoole/App/HttpController/User/User.php on line 13 and exactly 1 expected at file:/home/server/doc/easyswoole/App/HttpController/User/Base.php line:24]
[2020-05-12 09:56:00][debug][error]:[Too few arguments to function App\HttpController\User\Base::onException(), 0 passed in /home/server/doc/easyswoole/App/HttpController/User/User.php on line 13 and exactly 1 expected at file:/home/server/doc/easyswoole/App/HttpController/User/Base.php line:24]
[2020-05-12 09:56:24][debug][error]:[Too few arguments to function App\HttpController\User\Base::onException(), 0 passed in /home/server/doc/easyswoole/App/HttpController/User/User.php on line 13 and exactly 1 expected at file:/home/server/doc/easyswoole/App/HttpController/User/Base.php line:24]
[2020-05-12 09:56:25][debug][error]:[Too few arguments to function App\HttpController\User\Base::onException(), 0 passed in /home/server/doc/easyswoole/App/HttpController/User/User.php on line 13 and exactly 1 expected at file:/home/server/doc/easyswoole/App/HttpController/User/Base.php line:24]
[2020-05-12 09:56:44][debug][error]:[syntax error, unexpected '}' at file:/home/server/doc/easyswoole/App/HttpController/User/User.php line:14]
[2020-05-12 09:57:19][debug][error]:[Too few arguments to function App\HttpController\User\User::create(), 0 passed in /home/server/doc/easyswoole/App/HttpController/User/User.php on line 13 and exactly 1 expected at file:/home/server/doc/easyswoole/App/HttpController/User/User.php line:17]
[2020-05-12 09:57:30][debug][error]:[Too few arguments to function App\HttpController\User\User::create(), 0 passed in /home/server/doc/easyswoole/App/HttpController/User/User.php on line 13 and exactly 1 expected at file:/home/server/doc/easyswoole/App/HttpController/User/User.php line:17]
[2020-05-12 09:57:49][debug][error]:[Too few arguments to function App\HttpController\User\User::create(), 0 passed in /home/server/doc/easyswoole/App/HttpController/User/User.php on line 13 and exactly 1 expected at file:/home/server/doc/easyswoole/App/HttpController/User/User.php line:17]
[2020-05-12 09:57:53][debug][error]:[Too few arguments to function App\HttpController\User\User::create(), 0 passed in /home/server/doc/easyswoole/App/HttpController/User/User.php on line 13 and exactly 1 expected at file:/home/server/doc/easyswoole/App/HttpController/User/User.php line:17]
[2020-05-12 09:57:54][debug][error]:[Too few arguments to function App\HttpController\User\User::create(), 0 passed in /home/server/doc/easyswoole/App/HttpController/User/User.php on line 13 and exactly 1 expected at file:/home/server/doc/easyswoole/App/HttpController/User/User.php line:17]
[2020-05-12 09:57:55][debug][error]:[Too few arguments to function App\HttpController\User\User::create(), 0 passed in /home/server/doc/easyswoole/App/HttpController/User/User.php on line 13 and exactly 1 expected at file:/home/server/doc/easyswoole/App/HttpController/User/User.php line:17]
[2020-05-12 09:57:55][debug][error]:[Too few arguments to function App\HttpController\User\User::create(), 0 passed in /home/server/doc/easyswoole/App/HttpController/User/User.php on line 13 and exactly 1 expected at file:/home/server/doc/easyswoole/App/HttpController/User/User.php line:17]
[2020-05-12 09:57:55][debug][error]:[Too few arguments to function App\HttpController\User\User::create(), 0 passed in /home/server/doc/easyswoole/App/HttpController/User/User.php on line 13 and exactly 1 expected at file:/home/server/doc/easyswoole/App/HttpController/User/User.php line:17]
[2020-05-12 09:58:08][debug][error]:[Too few arguments to function App\HttpController\User\User::create(), 0 passed in /home/server/doc/easyswoole/App/HttpController/User/User.php on line 13 and exactly 1 expected at file:/home/server/doc/easyswoole/App/HttpController/User/User.php line:17]
[2020-05-12 09:58:12][debug][error]:[Too few arguments to function App\HttpController\User\User::create(), 0 passed in /home/server/doc/easyswoole/App/HttpController/User/User.php on line 13 and exactly 1 expected at file:/home/server/doc/easyswoole/App/HttpController/User/User.php line:17]
[2020-05-12 10:01:33][debug][error]:[error at file:/home/server/doc/easyswoole/App/HttpController/User/User.php line:15]
[2020-05-12 10:01:34][debug][error]:[error at file:/home/server/doc/easyswoole/App/HttpController/User/User.php line:15]
[2020-05-12 10:01:34][debug][error]:[error at file:/home/server/doc/easyswoole/App/HttpController/User/User.php line:15]
[2020-05-12 10:02:01][debug][error]:[Too few arguments to function App\HttpController\User\User::create(), 0 passed in /home/server/doc/easyswoole/App/HttpController/User/User.php on line 15 and exactly 1 expected at file:/home/server/doc/easyswoole/App/HttpController/User/User.php line:20]
[2020-05-12 10:02:02][debug][error]:[Too few arguments to function App\HttpController\User\User::create(), 0 passed in /home/server/doc/easyswoole/App/HttpController/User/User.php on line 15 and exactly 1 expected at file:/home/server/doc/easyswoole/App/HttpController/User/User.php line:20]
[2020-05-12 10:02:28][debug][error]:[error at file:/home/server/doc/easyswoole/App/HttpController/User/User.php line:16]
[2020-05-12 10:02:28][debug][error]:[error at file:/home/server/doc/easyswoole/App/HttpController/User/User.php line:16]
[2020-05-12 10:02:28][debug][error]:[error at file:/home/server/doc/easyswoole/App/HttpController/User/User.php line:16]
[2020-05-12 10:02:29][debug][error]:[error at file:/home/server/doc/easyswoole/App/HttpController/User/User.php line:16]
[2020-05-12 10:02:43][debug][error]:[error at file:/home/server/doc/easyswoole/App/HttpController/User/User.php line:16]
[2020-05-12 10:02:50][debug][error]:[error!!!!!!!!!!!  at file:/home/server/doc/easyswoole/App/HttpController/User/User.php line:16]
[2020-05-12 10:06:32][debug][error]:[error at file:/home/server/doc/easyswoole/App/HttpController/User/User.php line:15]
[2020-05-21 22:45:03][debug][error]:[Uncaught Swoole\Exception: failed to listen server port[0.0.0.0:9501], Error: Address already in use[98] in /home/server/doc/easyswoole/vendor/easyswoole/easyswoole/src/ServerManager.php:59
Stack trace:
#0 /home/server/doc/easyswoole/vendor/easyswoole/easyswoole/src/ServerManager.php(59): Swoole\Server->__construct('0.0.0.0', 9501, 2, 1)
#1 /home/server/doc/easyswoole/vendor/easyswoole/easyswoole/src/Core.php(127): EasySwoole\EasySwoole\ServerManager->createSwooleServer(9501, 2, '0.0.0.0', Array, 2, 1)
#2 /home/server/doc/easyswoole/vendor/easyswoole/easyswoole/src/Command/DefaultCommand/Start.php(42): EasySwoole\EasySwoole\Core->createServer()
#3 /home/server/doc/easyswoole/vendor/easyswoole/easyswoole/src/Command/CommandContainer.php(46): EasySwoole\EasySwoole\Command\DefaultCommand\Start->exec(Array)
#4 /home/server/doc/easyswoole/vendor/easyswoole/easyswoole/src/Command/CommandRunner.php(62): EasySwoole\EasySwoole\Command\CommandContainer->hook('start', Array)
#5 /home/server/doc/easyswoole/easyswoole(25) at file:/home/server/doc/easyswoole/vendor/easyswoole/easyswoole/src/ServerManager.php line:59]
[2020-05-21 22:52:55][debug][error]:[Uncaught TypeError: Argument 1 passed to EasySwoole\EasySwoole\Config::__construct() must be an instance of EasySwoole\Config\AbstractConfig or null, array given, called in /home/server/doc/easyswoole/EasySwooleEvent.php on line 20 and defined in /home/server/doc/easyswoole/vendor/easyswoole/easyswoole/src/Config.php:22
Stack trace:
#0 /home/server/doc/easyswoole/EasySwooleEvent.php(20): EasySwoole\EasySwoole\Config->__construct(Array)
#1 /home/server/doc/easyswoole/vendor/easyswoole/easyswoole/src/Core.php(119): EasySwoole\EasySwoole\EasySwooleEvent::initialize()
#2 /home/server/doc/easyswoole/vendor/easyswoole/easyswoole/src/Command/DefaultCommand/Start.php(42): EasySwoole\EasySwoole\Core->globalInitialize()
#3 /home/server/doc/easyswoole/vendor/easyswoole/easyswoole/src/Command/CommandContainer.php(46): EasySwoole\EasySwoole\Command\DefaultCommand\Start->exec(Array)
#4 /home/server/doc/easyswoole/vendor/easyswoole/easyswoole/src/Command/CommandRunner.php(62): EasySwoole\EasySwoole\Command\CommandContainer- at file:/home/server/doc/easyswoole/vendor/easyswoole/easyswoole/src/Config.php line:22]
[2020-05-21 22:57:43][debug][error]:[Uncaught TypeError: Argument 1 passed to EasySwoole\EasySwoole\Config::__construct() must be an instance of EasySwoole\Config\AbstractConfig or null, array given, called in /home/server/doc/easyswoole/EasySwooleEvent.php on line 24 and defined in /home/server/doc/easyswoole/vendor/easyswoole/easyswoole/src/Config.php:22
Stack trace:
#0 /home/server/doc/easyswoole/EasySwooleEvent.php(24): EasySwoole\EasySwoole\Config->__construct(Array)
#1 /home/server/doc/easyswoole/vendor/easyswoole/easyswoole/src/Core.php(119): EasySwoole\EasySwoole\EasySwooleEvent::initialize()
#2 /home/server/doc/easyswoole/vendor/easyswoole/easyswoole/src/Command/DefaultCommand/Start.php(42): EasySwoole\EasySwoole\Core->globalInitialize()
#3 /home/server/doc/easyswoole/vendor/easyswoole/easyswoole/src/Command/CommandContainer.php(46): EasySwoole\EasySwoole\Command\DefaultCommand\Start->exec(Array)
#4 /home/server/doc/easyswoole/vendor/easyswoole/easyswoole/src/Command/CommandRunner.php(62): EasySwoole\EasySwoole\Command\CommandContainer- at file:/home/server/doc/easyswoole/vendor/easyswoole/easyswoole/src/Config.php line:22]
